# JRE version: OpenJDK Runtime Environment (11.0.8+10) (build 11.0.8+10-b944.6842174)
# Java VM: OpenJDK 64-Bit Server VM (11.0.8+10-b944.6842174, mixed mode, tiered, compressed oops, g1 gc, windows-amd64)
Heap:
 garbage-first heap   total 312320K, used 29255K [0x0000000702200000, 0x0000000800000000)
  region size 1024K, 8 young (8192K), 8 survivors (8192K)
 Metaspace       used 45710K, capacity 46194K, committed 46456K, reserved 1089536K
  class space    used 5357K, capacity 5550K, committed 5580K, reserved 1048576K
GC Heap History (9 events):
Event: 0.444 GC heap before
{Heap before GC invocations=0 (full 0):
 garbage-first heap   total 260096K, used 27648K [0x0000000702200000, 0x0000000800000000)
  region size 1024K, 24 young (24576K), 0 survivors (0K)
 Metaspace       used 12300K, capacity 12341K, committed 12544K, reserved 1060864K
  class space    used 1157K, capacity 1174K, committed 1280K, reserved 1048576K
}
Event: 0.447 GC heap after
{Heap after GC invocations=1 (full 0):
 garbage-first heap   total 260096K, used 5733K [0x0000000702200000, 0x0000000800000000)
  region size 1024K, 3 young (3072K), 3 survivors (3072K)
 Metaspace       used 12300K, capacity 12341K, committed 12544K, reserved 1060864K
  class space    used 1157K, capacity 1174K, committed 1280K, reserved 1048576K
}
Event: 0.941 GC heap before
{Heap before GC invocations=1 (full 0):
 garbage-first heap   total 260096K, used 42597K [0x0000000702200000, 0x0000000800000000)
  region size 1024K, 40 young (40960K), 3 survivors (3072K)
 Metaspace       used 20942K, capacity 21148K, committed 21248K, reserved 1069056K
  class space    used 2215K, capacity 2278K, committed 2304K, reserved 1048576K
}
Event: 0.951 GC heap after
{Heap after GC invocations=2 (full 0):
 garbage-first heap   total 260096K, used 9488K [0x0000000702200000, 0x0000000800000000)
  region size 1024K, 7 young (7168K), 7 survivors (7168K)
 Metaspace       used 20942K, capacity 21148K, committed 21248K, reserved 1069056K
  class space    used 2215K, capacity 2278K, committed 2304K, reserved 1048576K
}
Event: 1.736 GC heap before
{Heap before GC invocations=3 (full 0):
 garbage-first heap   total 260096K, used 74000K [0x0000000702200000, 0x0000000800000000)
  region size 1024K, 58 young (59392K), 7 survivors (7168K)
 Metaspace       used 31879K, capacity 32307K, committed 32640K, reserved 1077248K
  class space    used 3950K, capacity 4114K, committed 4224K, reserved 1048576K
}
Event: 1.745 GC heap after
{Heap after GC invocations=4 (full 0):
 garbage-first heap   total 260096K, used 23797K [0x0000000702200000, 0x0000000800000000)
  region size 1024K, 8 young (8192K), 8 survivors (8192K)
 Metaspace       used 31879K, capacity 32307K, committed 32640K, reserved 1077248K
  class space    used 3950K, capacity 4114K, committed 4224K, reserved 1048576K
}
Event: 1.950 GC heap before
{Heap before GC invocations=4 (full 0):
 garbage-first heap   total 260096K, used 39157K [0x0000000702200000, 0x0000000800000000)
  region size 1024K, 24 young (24576K), 8 survivors (8192K)
 Metaspace       used 35095K, capacity 35487K, committed 35628K, reserved 1081344K
  class space    used 4306K, capacity 4470K, committed 4480K, reserved 1048576K
}
Event: 1.957 GC heap after
{Heap after GC invocations=5 (full 0):
 garbage-first heap   total 260096K, used 24100K [0x0000000702200000, 0x0000000800000000)
  region size 1024K, 3 young (3072K), 3 survivors (3072K)
 Metaspace       used 35095K, capacity 35487K, committed 35628K, reserved 1081344K
  class space    used 4306K, capacity 4470K, committed 4480K, reserved 1048576K
}
Event: 2.739 GC heap before
{Heap before GC invocations=6 (full 0):
 garbage-first heap   total 260096K, used 92708K [0x0000000702200000, 0x0000000800000000)
  region size 1024K, 69 young (70656K), 3 survivors (3072K)
 Metaspace       used 45710K, capacity 46194K, committed 46456K, reserved 1089536K
  class space    used 5357K, capacity 5550K, committed 5580K, reserved 1048576K
}

