# JRE version: OpenJDK Runtime Environment (11.0.8+10) (build 11.0.8+10-b944.6842174)
# Java VM: OpenJDK 64-Bit Server VM (11.0.8+10-b944.6842174, mixed mode, tiered, compressed oops, g1 gc, windows-amd64)
Heap:
 garbage-first heap   total 260096K, used 54025K [0x0000000702200000, 0x0000000800000000)
  region size 1024K, 31 young (31744K), 11 survivors (11264K)
 Metaspace       used 49893K, capacity 50414K, committed 50680K, reserved 1095680K
  class space    used 5756K, capacity 5951K, committed 5964K, reserved 1048576K
GC Heap History (12 events):
Event: 0.469 GC heap before
{Heap before GC invocations=0 (full 0):
 garbage-first heap   total 260096K, used 27648K [0x0000000702200000, 0x0000000800000000)
  region size 1024K, 24 young (24576K), 0 survivors (0K)
 Metaspace       used 12299K, capacity 12341K, committed 12544K, reserved 1060864K
  class space    used 1157K, capacity 1174K, committed 1280K, reserved 1048576K
}
Event: 0.471 GC heap after
{Heap after GC invocations=1 (full 0):
 garbage-first heap   total 260096K, used 5948K [0x0000000702200000, 0x0000000800000000)
  region size 1024K, 3 young (3072K), 3 survivors (3072K)
 Metaspace       used 12299K, capacity 12341K, committed 12544K, reserved 1060864K
  class space    used 1157K, capacity 1174K, committed 1280K, reserved 1048576K
}
Event: 0.963 GC heap before
{Heap before GC invocations=1 (full 0):
 garbage-first heap   total 260096K, used 42812K [0x0000000702200000, 0x0000000800000000)
  region size 1024K, 40 young (40960K), 3 survivors (3072K)
 Metaspace       used 21003K, capacity 21148K, committed 21248K, reserved 1069056K
  class space    used 2215K, capacity 2278K, committed 2304K, reserved 1048576K
}
Event: 0.973 GC heap after
{Heap after GC invocations=2 (full 0):
 garbage-first heap   total 260096K, used 9645K [0x0000000702200000, 0x0000000800000000)
  region size 1024K, 7 young (7168K), 7 survivors (7168K)
 Metaspace       used 21003K, capacity 21148K, committed 21248K, reserved 1069056K
  class space    used 2215K, capacity 2278K, committed 2304K, reserved 1048576K
}
Event: 1.731 GC heap before
{Heap before GC invocations=3 (full 0):
 garbage-first heap   total 260096K, used 74157K [0x0000000702200000, 0x0000000800000000)
  region size 1024K, 58 young (59392K), 7 survivors (7168K)
 Metaspace       used 31938K, capacity 32371K, committed 32640K, reserved 1077248K
  class space    used 3952K, capacity 4114K, committed 4224K, reserved 1048576K
}
Event: 1.741 GC heap after
{Heap after GC invocations=4 (full 0):
 garbage-first heap   total 260096K, used 23800K [0x0000000702200000, 0x0000000800000000)
  region size 1024K, 8 young (8192K), 8 survivors (8192K)
 Metaspace       used 31938K, capacity 32371K, committed 32640K, reserved 1077248K
  class space    used 3952K, capacity 4114K, committed 4224K, reserved 1048576K
}
Event: 1.888 GC heap before
{Heap before GC invocations=4 (full 0):
 garbage-first heap   total 260096K, used 35064K [0x0000000702200000, 0x0000000800000000)
  region size 1024K, 19 young (19456K), 8 survivors (8192K)
 Metaspace       used 34528K, capacity 34910K, committed 35200K, reserved 1079296K
  class space    used 4239K, capacity 4406K, committed 4480K, reserved 1048576K
}
Event: 1.894 GC heap after
{Heap after GC invocations=5 (full 0):
 garbage-first heap   total 260096K, used 25749K [0x0000000702200000, 0x0000000800000000)
  region size 1024K, 2 young (2048K), 2 survivors (2048K)
 Metaspace       used 34528K, capacity 34910K, committed 35200K, reserved 1079296K
  class space    used 4239K, capacity 4406K, committed 4480K, reserved 1048576K
}
Event: 1.960 GC heap before
{Heap before GC invocations=5 (full 0):
 garbage-first heap   total 260096K, used 29845K [0x0000000702200000, 0x0000000800000000)
  region size 1024K, 7 young (7168K), 2 survivors (2048K)
 Metaspace       used 35114K, capacity 35487K, committed 35628K, reserved 1081344K
  class space    used 4304K, capacity 4470K, committed 4480K, reserved 1048576K
}
Event: 1.962 GC heap after
{Heap after GC invocations=6 (full 0):
 garbage-first heap   total 260096K, used 23557K [0x0000000702200000, 0x0000000800000000)
  region size 1024K, 2 young (2048K), 2 survivors (2048K)
 Metaspace       used 35114K, capacity 35487K, committed 35628K, reserved 1081344K
  class space    used 4304K, capacity 4470K, committed 4480K, reserved 1048576K
}
Event: 3.104 GC heap before
{Heap before GC invocations=7 (full 0):
 garbage-first heap   total 260096K, used 117765K [0x0000000702200000, 0x0000000800000000)
  region size 1024K, 91 young (93184K), 2 survivors (2048K)
 Metaspace       used 47873K, capacity 48392K, committed 48504K, reserved 1091584K
  class space    used 5565K, capacity 5750K, committed 5836K, reserved 1048576K
}
Event: 3.111 GC heap after
{Heap after GC invocations=8 (full 0):
 garbage-first heap   total 260096K, used 34569K [0x0000000702200000, 0x0000000800000000)
  region size 1024K, 11 young (11264K), 11 survivors (11264K)
 Metaspace       used 47873K, capacity 48392K, committed 48504K, reserved 1091584K
  class space    used 5565K, capacity 5750K, committed 5836K, reserved 1048576K
}

