# JRE version: OpenJDK Runtime Environment (11.0.8+10) (build 11.0.8+10-b944.6842174)
# Java VM: OpenJDK 64-Bit Server VM (11.0.8+10-b944.6842174, mixed mode, tiered, compressed oops, g1 gc, windows-amd64)
Heap:
 garbage-first heap   total 324608K, used 49561K [0x0000000702200000, 0x0000000800000000)
  region size 1024K, 15 young (15360K), 15 survivors (15360K)
 Metaspace       used 55837K, capacity 56432K, committed 56696K, reserved 1099776K
  class space    used 6354K, capacity 6580K, committed 6604K, reserved 1048576K
GC Heap History (13 events):
Event: 0.478 GC heap before
{Heap before GC invocations=0 (full 0):
 garbage-first heap   total 260096K, used 27648K [0x0000000702200000, 0x0000000800000000)
  region size 1024K, 24 young (24576K), 0 survivors (0K)
 Metaspace       used 12303K, capacity 12341K, committed 12544K, reserved 1060864K
  class space    used 1157K, capacity 1174K, committed 1280K, reserved 1048576K
}
Event: 0.480 GC heap after
{Heap after GC invocations=1 (full 0):
 garbage-first heap   total 260096K, used 5747K [0x0000000702200000, 0x0000000800000000)
  region size 1024K, 3 young (3072K), 3 survivors (3072K)
 Metaspace       used 12303K, capacity 12341K, committed 12544K, reserved 1060864K
  class space    used 1157K, capacity 1174K, committed 1280K, reserved 1048576K
}
Event: 0.968 GC heap before
{Heap before GC invocations=1 (full 0):
 garbage-first heap   total 260096K, used 42611K [0x0000000702200000, 0x0000000800000000)
  region size 1024K, 40 young (40960K), 3 survivors (3072K)
 Metaspace       used 20975K, capacity 21148K, committed 21248K, reserved 1069056K
  class space    used 2215K, capacity 2278K, committed 2304K, reserved 1048576K
}
Event: 0.977 GC heap after
{Heap after GC invocations=2 (full 0):
 garbage-first heap   total 260096K, used 9449K [0x0000000702200000, 0x0000000800000000)
  region size 1024K, 7 young (7168K), 7 survivors (7168K)
 Metaspace       used 20975K, capacity 21148K, committed 21248K, reserved 1069056K
  class space    used 2215K, capacity 2278K, committed 2304K, reserved 1048576K
}
Event: 1.800 GC heap before
{Heap before GC invocations=3 (full 0):
 garbage-first heap   total 260096K, used 73961K [0x0000000702200000, 0x0000000800000000)
  region size 1024K, 58 young (59392K), 7 survivors (7168K)
 Metaspace       used 32006K, capacity 32467K, committed 32640K, reserved 1077248K
  class space    used 3959K, capacity 4146K, committed 4224K, reserved 1048576K
}
Event: 1.809 GC heap after
{Heap after GC invocations=4 (full 0):
 garbage-first heap   total 260096K, used 23968K [0x0000000702200000, 0x0000000800000000)
  region size 1024K, 8 young (8192K), 8 survivors (8192K)
 Metaspace       used 32006K, capacity 32467K, committed 32640K, reserved 1077248K
  class space    used 3959K, capacity 4146K, committed 4224K, reserved 1048576K
}
Event: 1.917 GC heap before
{Heap before GC invocations=4 (full 0):
 garbage-first heap   total 260096K, used 32160K [0x0000000702200000, 0x0000000800000000)
  region size 1024K, 16 young (16384K), 8 survivors (8192K)
 Metaspace       used 34025K, capacity 34451K, committed 34560K, reserved 1079296K
  class space    used 4178K, capacity 4338K, committed 4352K, reserved 1048576K
}
Event: 1.923 GC heap after
{Heap after GC invocations=5 (full 0):
 garbage-first heap   total 260096K, used 25682K [0x0000000702200000, 0x0000000800000000)
  region size 1024K, 2 young (2048K), 2 survivors (2048K)
 Metaspace       used 34025K, capacity 34451K, committed 34560K, reserved 1079296K
  class space    used 4178K, capacity 4338K, committed 4352K, reserved 1048576K
}
Event: 2.008 GC heap before
{Heap before GC invocations=5 (full 0):
 garbage-first heap   total 260096K, used 31826K [0x0000000702200000, 0x0000000800000000)
  region size 1024K, 9 young (9216K), 2 survivors (2048K)
 Metaspace       used 35101K, capacity 35487K, committed 35628K, reserved 1081344K
  class space    used 4302K, capacity 4470K, committed 4480K, reserved 1048576K
}
Event: 2.010 GC heap after
{Heap after GC invocations=6 (full 0):
 garbage-first heap   total 260096K, used 23477K [0x0000000702200000, 0x0000000800000000)
  region size 1024K, 2 young (2048K), 2 survivors (2048K)
 Metaspace       used 35101K, capacity 35487K, committed 35628K, reserved 1081344K
  class space    used 4302K, capacity 4470K, committed 4480K, reserved 1048576K
}
Event: 2.959 GC heap before
{Heap before GC invocations=7 (full 0):
 garbage-first heap   total 260096K, used 115637K [0x0000000702200000, 0x0000000800000000)
  region size 1024K, 89 young (91136K), 2 survivors (2048K)
 Metaspace       used 47422K, capacity 47937K, committed 48120K, reserved 1091584K
  class space    used 5516K, capacity 5684K, committed 5708K, reserved 1048576K
}
Event: 2.981 GC heap after
{Heap after GC invocations=8 (full 0):
 garbage-first heap   total 260096K, used 34210K [0x0000000702200000, 0x0000000800000000)
  region size 1024K, 10 young (10240K), 10 survivors (10240K)
 Metaspace       used 47422K, capacity 47937K, committed 48120K, reserved 1091584K
  class space    used 5516K, capacity 5684K, committed 5708K, reserved 1048576K
}
Event: 4.466 GC heap before
{Heap before GC invocations=9 (full 0):
 garbage-first heap   total 260096K, used 144802K [0x0000000702200000, 0x0000000800000000)
  region size 1024K, 118 young (120832K), 10 survivors (10240K)
 Metaspace       used 55837K, capacity 56432K, committed 56696K, reserved 1099776K
  class space    used 6354K, capacity 6580K, committed 6604K, reserved 1048576K
}

